[12:30:09 INF] === ЗАПУСК PgBouncer.NET. RunID: 2026-02-12_12-30-09 ===
[12:30:09 INF] Запуск PgBouncer.NET...
[12:30:09 DBG] Registered model binder providers, in the following order: ["Microsoft.AspNetCore.Mvc.ModelBinding.Binders.BinderTypeModelBinderProvider", "Microsoft.AspNetCore.Mvc.ModelBinding.Binders.ServicesModelBinderProvider", "Microsoft.AspNetCore.Mvc.ModelBinding.Binders.BodyModelBinderProvider", "Microsoft.AspNetCore.Mvc.ModelBinding.Binders.HeaderModelBinderProvider", "Microsoft.AspNetCore.Mvc.ModelBinding.Binders.FloatingPointTypeModelBinderProvider", "Microsoft.AspNetCore.Mvc.ModelBinding.Binders.EnumTypeModelBinderProvider", "Microsoft.AspNetCore.Mvc.ModelBinding.Binders.DateTimeModelBinderProvider", "Microsoft.AspNetCore.Mvc.ModelBinding.Binders.SimpleTypeModelBinderProvider", "Microsoft.AspNetCore.Mvc.ModelBinding.Binders.TryParseModelBinderProvider", "Microsoft.AspNetCore.Mvc.ModelBinding.Binders.CancellationTokenModelBinderProvider", "Microsoft.AspNetCore.Mvc.ModelBinding.Binders.ByteArrayModelBinderProvider", "Microsoft.AspNetCore.Mvc.ModelBinding.Binders.FormFileModelBinderProvider", "Microsoft.AspNetCore.Mvc.ModelBinding.Binders.FormCollectionModelBinderProvider", "Microsoft.AspNetCore.Mvc.ModelBinding.Binders.KeyValuePairModelBinderProvider", "Microsoft.AspNetCore.Mvc.ModelBinding.Binders.DictionaryModelBinderProvider", "Microsoft.AspNetCore.Mvc.ModelBinding.Binders.ArrayModelBinderProvider", "Microsoft.AspNetCore.Mvc.ModelBinding.Binders.CollectionModelBinderProvider", "Microsoft.AspNetCore.Mvc.ModelBinding.Binders.ComplexObjectModelBinderProvider"]

╔══════════════════════════════════════════════════════════╗
║                   PgBouncer.NET                          ║
╚══════════════════════════════════════════════════════════╝

  Прокси:     localhost:6434
  Dashboard:  http://localhost:5081/
  API:        http://localhost:5081/api/stats
  Backend:    127.0.0.1:5437

[12:30:09 DBG] Hosting starting
[12:30:09 INF] Лимит backend соединений: 90
[12:30:09 INF] PgBouncer.NET запущен на порту 6434
[12:30:09 INF] MONITOR STARTED
[12:30:09 INF] [MONITOR] Threads: W=0/1000/32767, IO=0/1000/1000. RAM: 51MB. Handles: 452
[12:30:09 INF] Now listening on: http://0.0.0.0:5081
[12:30:09 DBG] Loaded hosting startup assembly PgBouncer.Server
[12:30:09 INF] Application started. Press Ctrl+C to shut down.
[12:30:09 INF] Hosting environment: Development
[12:30:09 INF] Content root path: C:\Projects\pgbouncer.net\src\PgBouncer.Server
[12:30:09 DBG] Hosting started
[12:30:10 INF] [MONITOR] Threads: W=1/1000/32767, IO=0/1000/1000. RAM: 56MB. Handles: 475
[12:30:11 INF] [MONITOR] Threads: W=1/1000/32767, IO=0/1000/1000. RAM: 57MB. Handles: 475
[12:30:12 INF] [MONITOR] Threads: W=1/1000/32767, IO=0/1000/1000. RAM: 57MB. Handles: 475
[12:30:13 INF] [MONITOR] Threads: W=1/1000/32767, IO=0/1000/1000. RAM: 57MB. Handles: 475
[12:30:14 DBG] === НОВАЯ СЕССИЯ ===
[12:30:14 DBG] SSLRequest -> отвечаем 'N'
[12:30:14 INF] >>> postgres/postgres
[12:30:14 INF] === TRANSACTION POOLING MODE ===
[12:30:14 INF] Getting pool for postgres/postgres...
[12:30:14 INF] Создание нового пула для postgres/postgres
[12:30:14 INF] Sending AuthOk + ReadyForQuery...
[12:30:14 DBG] Отправлены AuthOk + ParameterStatus + ReadyForQuery клиенту
[12:30:14 INF] AuthOk sent. Starting TransactionPoolingSession...
[12:30:14 INF] [Session 55e590c2-102c-4006-947c-2eb9a9b5df89] Starting EnhancedTransactionPoolingSessionV2 (Event-driven)
[12:30:14 DBG] === НОВАЯ СЕССИЯ ===
[12:30:14 DBG] SSLRequest -> отвечаем 'N'
[12:30:14 DBG] === НОВАЯ СЕССИЯ ===
[12:30:14 DBG] SSLRequest -> отвечаем 'N'
[12:30:14 INF] >>> postgres/postgres
[12:30:14 DBG] === НОВАЯ СЕССИЯ ===
[12:30:14 INF] === TRANSACTION POOLING MODE ===
[12:30:14 INF] Getting pool for postgres/postgres...
[12:30:14 DBG] SSLRequest -> отвечаем 'N'
[12:30:14 INF] Sending AuthOk + ReadyForQuery...
[12:30:14 INF] >>> postgres/postgres
[12:30:14 DBG] Отправлены AuthOk + ParameterStatus + ReadyForQuery клиенту
[12:30:14 DBG] === НОВАЯ СЕССИЯ ===
[12:30:14 INF] === TRANSACTION POOLING MODE ===
[12:30:14 INF] AuthOk sent. Starting TransactionPoolingSession...
[12:30:14 INF] >>> postgres/postgres
[12:30:14 INF] [Session 4009de96-166f-474b-a28e-711cc70d853b] Starting EnhancedTransactionPoolingSessionV2 (Event-driven)
[12:30:14 INF] Getting pool for postgres/postgres...
[12:30:14 DBG] SSLRequest -> отвечаем 'N'
[12:30:14 INF] === TRANSACTION POOLING MODE ===
[12:30:14 INF] Sending AuthOk + ReadyForQuery...
[12:30:14 INF] Getting pool for postgres/postgres...
[12:30:14 INF] Sending AuthOk + ReadyForQuery...
[12:30:14 DBG] Отправлены AuthOk + ParameterStatus + ReadyForQuery клиенту
[12:30:14 INF] AuthOk sent. Starting TransactionPoolingSession...
[12:30:14 DBG] Отправлены AuthOk + ParameterStatus + ReadyForQuery клиенту
[12:30:14 INF] >>> postgres/postgres
[12:30:14 INF] [Session fd8a12a9-56ff-4011-8c3f-dc7848e62843] Starting EnhancedTransactionPoolingSessionV2 (Event-driven)
[12:30:14 INF] AuthOk sent. Starting TransactionPoolingSession...
[12:30:14 INF] === TRANSACTION POOLING MODE ===
[12:30:14 INF] Getting pool for postgres/postgres...
[12:30:14 INF] Sending AuthOk + ReadyForQuery...
[12:30:14 INF] [Session db51fa41-4a4e-41db-95e1-d23afb10dacb] Starting EnhancedTransactionPoolingSessionV2 (Event-driven)
[12:30:14 DBG] Отправлены AuthOk + ParameterStatus + ReadyForQuery клиенту
[12:30:14 INF] AuthOk sent. Starting TransactionPoolingSession...
[12:30:14 INF] [Session b1c3c0a6-da7f-43a7-bd2f-330505ec8034] Starting EnhancedTransactionPoolingSessionV2 (Event-driven)
[12:30:14 INF] [Session b1c3c0a6-da7f-43a7-bd2f-330505ec8034] ClientWriterLoop starting
[12:30:14 INF] [Session fd8a12a9-56ff-4011-8c3f-dc7848e62843] ClientWriterLoop starting
[12:30:14 INF] [Session 55e590c2-102c-4006-947c-2eb9a9b5df89] ClientWriterLoop starting
[12:30:14 INF] [Session 4009de96-166f-474b-a28e-711cc70d853b] ClientWriterLoop starting
[12:30:14 INF] [Session db51fa41-4a4e-41db-95e1-d23afb10dacb] ClientWriterLoop starting
[12:30:14 DBG] [Session 55e590c2-102c-4006-947c-2eb9a9b5df89] Client->Backend: Type=''Q'', State=Idle, Size=3597
[12:30:14 INF] [CreateConnection] Starting connection to 127.0.0.1:5437 for database postgres, user postgres
[12:30:14 DBG] [CreateConnection] Calling ConnectAndAuthenticateAsync...
[12:30:14 INF] Подключаемся к PostgreSQL 127.0.0.1:5437...
[12:30:14 INF] Подключено к PostgreSQL 127.0.0.1:5437
[12:30:14 INF] Отправлен StartupMessage для postgres/postgres
[12:30:14 INF] Ожидание ответа от PostgreSQL...
[12:30:14 INF] Получено 409 байт от PostgreSQL
[12:30:14 INF] Получен AuthenticationRequest, обрабатываем...
[12:30:14 INF] Auth type: Ok, bytes read: 409, first message length: 8
[12:30:14 INF] Checking buffer from offset 9 for ReadyForQuery...
[12:30:14 INF] Found message type ''S'' (0x53) at offset 9, length 35
[12:30:14 INF] Found message type ''S'' (0x53) at offset 45, length 25
[12:30:14 INF] Found message type ''S'' (0x53) at offset 71, length 23
[12:30:14 INF] Found message type ''S'' (0x53) at offset 95, length 38
[12:30:14 INF] Found message type ''S'' (0x53) at offset 134, length 23
[12:30:14 INF] Found message type ''S'' (0x53) at offset 158, length 25
[12:30:14 INF] Found message type ''S'' (0x53) at offset 184, length 27
[12:30:14 INF] Found message type ''S'' (0x53) at offset 212, length 20
[12:30:14 INF] Found message type ''S'' (0x53) at offset 233, length 25
[12:30:14 INF] Found message type ''S'' (0x53) at offset 259, length 25
[12:30:14 INF] Found message type ''S'' (0x53) at offset 285, length 35
[12:30:14 INF] Found message type ''S'' (0x53) at offset 321, length 35
[12:30:14 INF] Found message type ''S'' (0x53) at offset 357, length 32
[12:30:14 INF] Found message type ''K'' (0x4B) at offset 390, length 12
[12:30:14 INF] Found message type ''Z'' (0x5A) at offset 403, length 5
[12:30:14 INF] SUCCESS: ReadyForQuery found in initial buffer!
[12:30:14 DBG] [CreateConnection] ConnectAndAuthenticateAsync succeeded, creating ServerConnection...
[12:30:14 INF] [CreateConnection] SUCCESS: Connection 621597d1-ee78-45d0-a43d-4c5ee4fde186 created and authenticated
[12:30:14 INF] Создано соединение 621597d1-ee78-45d0-a43d-4c5ee4fde186 для postgres/postgres (всего: 1)
[12:30:14 DBG] [Session 55e590c2-102c-4006-947c-2eb9a9b5df89] Backend acquired: 621597d1-ee78-45d0-a43d-4c5ee4fde186 in 28ms
[12:30:14 DBG] [Session 55e590c2-102c-4006-947c-2eb9a9b5df89] Backend->Client: Type=''T'', Size=33
[12:30:14 DBG] [Session 55e590c2-102c-4006-947c-2eb9a9b5df89] Backend->Client: Type=''D'', Size=70
[12:30:14 DBG] [Session 55e590c2-102c-4006-947c-2eb9a9b5df89] Backend->Client: Type=''C'', Size=14
[12:30:14 DBG] [Session 55e590c2-102c-4006-947c-2eb9a9b5df89] Backend->Client: Type=''T'', Size=165
[12:30:14 DBG] [Session 55e590c2-102c-4006-947c-2eb9a9b5df89] Backend->Client: Type=''D'', Size=52
[12:30:14 DBG] [Session 55e590c2-102c-4006-947c-2eb9a9b5df89] Backend->Client: Type=''D'', Size=49
[12:30:14 DBG] [Session 55e590c2-102c-4006-947c-2eb9a9b5df89] Backend->Client: Type=''D'', Size=52
[12:30:14 DBG] [Session 55e590c2-102c-4006-947c-2eb9a9b5df89] Backend->Client: Type=''D'', Size=49
[12:30:14 DBG] [Session 55e590c2-102c-4006-947c-2eb9a9b5df89] Backend->Client: Type=''D'', Size=48
[12:30:14 DBG] [Session 55e590c2-102c-4006-947c-2eb9a9b5df89] Backend->Client: Type=''D'', Size=48
[12:30:14 DBG] [Session 55e590c2-102c-4006-947c-2eb9a9b5df89] Backend->Client: Type=''D'', Size=48
[12:30:14 DBG] [Session 55e590c2-102c-4006-947c-2eb9a9b5df89] Backend->Client: Type=''D'', Size=48
[12:30:14 DBG] [Session 55e590c2-102c-4006-947c-2eb9a9b5df89] Backend->Client: Type=''D'', Size=54
[12:30:14 DBG] [Session 55e590c2-102c-4006-947c-2eb9a9b5df89] Backend->Client: Type=''D'', Size=50
[12:30:14 DBG] [Session 55e590c2-102c-4006-947c-2eb9a9b5df89] Backend->Client: Type=''D'', Size=49
[12:30:14 DBG] [Session 55e590c2-102c-4006-947c-2eb9a9b5df89] Backend->Client: Type=''D'', Size=58
[12:30:14 DBG] [Session 55e590c2-102c-4006-947c-2eb9a9b5df89] Backend->Client: Type=''D'', Size=59
[12:30:14 DBG] [Session 55e590c2-102c-4006-947c-2eb9a9b5df89] Backend->Client: Type=''D'', Size=62
[12:30:14 DBG] [Session 55e590c2-102c-4006-947c-2eb9a9b5df89] Backend->Client: Type=''D'', Size=58
[12:30:14 DBG] [Session 55e590c2-102c-4006-947c-2eb9a9b5df89] Backend->Client: Type=''D'', Size=51
[12:30:14 DBG] [Session 55e590c2-102c-4006-947c-2eb9a9b5df89] Backend->Client: Type=''D'', Size=51
[12:30:14 DBG] [Session 55e590c2-102c-4006-947c-2eb9a9b5df89] Backend->Client: Type=''D'', Size=50
[12:30:14 DBG] [Session 55e590c2-102c-4006-947c-2eb9a9b5df89] Backend->Client: Type=''D'', Size=50
[12:30:14 DBG] [Session 55e590c2-102c-4006-947c-2eb9a9b5df89] Backend->Client: Type=''D'', Size=49
[12:30:14 DBG] [Session 55e590c2-102c-4006-947c-2eb9a9b5df89] Backend->Client: Type=''D'', Size=53
[12:30:14 DBG] [Session 55e590c2-102c-4006-947c-2eb9a9b5df89] Backend->Client: Type=''D'', Size=50
[12:30:14 DBG] [Session 55e590c2-102c-4006-947c-2eb9a9b5df89] Backend->Client: Type=''D'', Size=55
[12:30:14 DBG] [Session 55e590c2-102c-4006-947c-2eb9a9b5df89] Backend->Client: Type=''D'', Size=52
[12:30:14 DBG] [Session 55e590c2-102c-4006-947c-2eb9a9b5df89] Backend->Client: Type=''D'', Size=53
[12:30:14 DBG] [Session 55e590c2-102c-4006-947c-2eb9a9b5df89] Backend->Client: Type=''D'', Size=52
[12:30:14 DBG] [Session 55e590c2-102c-4006-947c-2eb9a9b5df89] Backend->Client: Type=''D'', Size=51
[12:30:14 DBG] [Session 55e590c2-102c-4006-947c-2eb9a9b5df89] Backend->Client: Type=''D'', Size=53
[12:30:14 DBG] [Session 55e590c2-102c-4006-947c-2eb9a9b5df89] Backend->Client: Type=''D'', Size=50
[12:30:14 DBG] [Session 55e590c2-102c-4006-947c-2eb9a9b5df89] Backend->Client: Type=''D'', Size=50
[12:30:14 DBG] [Session 55e590c2-102c-4006-947c-2eb9a9b5df89] Backend->Client: Type=''D'', Size=54
[12:30:14 DBG] [Session 55e590c2-102c-4006-947c-2eb9a9b5df89] Backend->Client: Type=''D'', Size=54
[12:30:14 DBG] [Session 55e590c2-102c-4006-947c-2eb9a9b5df89] Backend->Client: Type=''D'', Size=53
[12:30:14 DBG] [Session 55e590c2-102c-4006-947c-2eb9a9b5df89] Backend->Client: Type=''D'', Size=54
[12:30:14 DBG] [Session 55e590c2-102c-4006-947c-2eb9a9b5df89] Backend->Client: Type=''D'', Size=51
[12:30:14 DBG] [Session 55e590c2-102c-4006-947c-2eb9a9b5df89] Backend->Client: Type=''D'', Size=51
[12:30:14 DBG] [Session 55e590c2-102c-4006-947c-2eb9a9b5df89] Backend->Client: Type=''D'', Size=56
[12:30:14 DBG] [Session 55e590c2-102c-4006-947c-2eb9a9b5df89] Backend->Client: Type=''D'', Size=58
[12:30:14 DBG] [Session 55e590c2-102c-4006-947c-2eb9a9b5df89] Backend->Client: Type=''D'', Size=55
[12:30:14 DBG] [Session 55e590c2-102c-4006-947c-2eb9a9b5df89] Backend->Client: Type=''D'', Size=53
[12:30:14 DBG] [Session 55e590c2-102c-4006-947c-2eb9a9b5df89] Backend->Client: Type=''D'', Size=50
[12:30:14 DBG] [Session 55e590c2-102c-4006-947c-2eb9a9b5df89] Backend->Client: Type=''D'', Size=53
[12:30:14 DBG] [Session 55e590c2-102c-4006-947c-2eb9a9b5df89] Backend->Client: Type=''D'', Size=54
[12:30:14 DBG] [Session 55e590c2-102c-4006-947c-2eb9a9b5df89] Backend->Client: Type=''D'', Size=56
[12:30:14 DBG] [Session 55e590c2-102c-4006-947c-2eb9a9b5df89] Backend->Client: Type=''D'', Size=59
[12:30:14 DBG] [Session 55e590c2-102c-4006-947c-2eb9a9b5df89] Backend->Client: Type=''D'', Size=54
[12:30:14 DBG] [Session 55e590c2-102c-4006-947c-2eb9a9b5df89] Backend->Client: Type=''D'', Size=58
[12:30:14 DBG] [Session 55e590c2-102c-4006-947c-2eb9a9b5df89] Backend->Client: Type=''D'', Size=55
[12:30:14 DBG] [Session 55e590c2-102c-4006-947c-2eb9a9b5df89] Backend->Client: Type=''D'', Size=59
[12:30:14 DBG] [Session 55e590c2-102c-4006-947c-2eb9a9b5df89] Backend->Client: Type=''D'', Size=54
[12:30:14 DBG] [Session 55e590c2-102c-4006-947c-2eb9a9b5df89] Backend->Client: Type=''D'', Size=54
[12:30:14 DBG] [Session 55e590c2-102c-4006-947c-2eb9a9b5df89] Backend->Client: Type=''D'', Size=59
[12:30:14 DBG] [Session 55e590c2-102c-4006-947c-2eb9a9b5df89] Backend->Client: Type=''D'', Size=51
[12:30:14 DBG] [Session 55e590c2-102c-4006-947c-2eb9a9b5df89] Backend->Client: Type=''D'', Size=53
[12:30:14 DBG] [Session 55e590c2-102c-4006-947c-2eb9a9b5df89] Backend->Client: Type=''D'', Size=55
[12:30:14 DBG] [Session 55e590c2-102c-4006-947c-2eb9a9b5df89] Backend->Client: Type=''D'', Size=56
[12:30:14 DBG] [Session 55e590c2-102c-4006-947c-2eb9a9b5df89] Backend->Client: Type=''D'', Size=54
[12:30:14 DBG] [Session 55e590c2-102c-4006-947c-2eb9a9b5df89] Backend->Client: Type=''D'', Size=56
[12:30:14 DBG] [Session 55e590c2-102c-4006-947c-2eb9a9b5df89] Backend->Client: Type=''D'', Size=60
[12:30:14 DBG] [Session 55e590c2-102c-4006-947c-2eb9a9b5df89] Backend->Client: Type=''D'', Size=52
[12:30:14 DBG] [Session 55e590c2-102c-4006-947c-2eb9a9b5df89] Backend->Client: Type=''D'', Size=55
[12:30:14 DBG] [Session 55e590c2-102c-4006-947c-2eb9a9b5df89] Backend->Client: Type=''D'', Size=60
[12:30:14 DBG] [Session 55e590c2-102c-4006-947c-2eb9a9b5df89] Backend->Client: Type=''D'', Size=58
[12:30:14 DBG] [Session 55e590c2-102c-4006-947c-2eb9a9b5df89] Backend->Client: Type=''D'', Size=53
[12:30:14 DBG] [Session 55e590c2-102c-4006-947c-2eb9a9b5df89] Backend->Client: Type=''D'', Size=49
[12:30:14 DBG] [Session 55e590c2-102c-4006-947c-2eb9a9b5df89] Backend->Client: Type=''D'', Size=50
[12:30:14 DBG] [Session 55e590c2-102c-4006-947c-2eb9a9b5df89] Backend->Client: Type=''D'', Size=51
[12:30:14 DBG] [Session 55e590c2-102c-4006-947c-2eb9a9b5df89] Backend->Client: Type=''D'', Size=68
[12:30:14 DBG] [Session 55e590c2-102c-4006-947c-2eb9a9b5df89] Backend->Client: Type=''D'', Size=75
[12:30:14 DBG] [Session 55e590c2-102c-4006-947c-2eb9a9b5df89] Backend->Client: Type=''D'', Size=49
[12:30:14 DBG] [Session 55e590c2-102c-4006-947c-2eb9a9b5df89] Backend->Client: Type=''D'', Size=49
[12:30:14 DBG] [Session 55e590c2-102c-4006-947c-2eb9a9b5df89] Backend->Client: Type=''D'', Size=49
[12:30:14 DBG] [Session 55e590c2-102c-4006-947c-2eb9a9b5df89] Backend->Client: Type=''D'', Size=49
[12:30:14 DBG] [Session 55e590c2-102c-4006-947c-2eb9a9b5df89] Backend->Client: Type=''D'', Size=58
[12:30:14 DBG] [Session 55e590c2-102c-4006-947c-2eb9a9b5df89] Backend->Client: Type=''D'', Size=58
[12:30:14 DBG] [Session 55e590c2-102c-4006-947c-2eb9a9b5df89] Backend->Client: Type=''D'', Size=59
[12:30:14 DBG] [Session 55e590c2-102c-4006-947c-2eb9a9b5df89] Backend->Client: Type=''D'', Size=60
[12:30:14 DBG] [Session 55e590c2-102c-4006-947c-2eb9a9b5df89] Backend->Client: Type=''D'', Size=58
[12:30:14 DBG] [Session 55e590c2-102c-4006-947c-2eb9a9b5df89] Backend->Client: Type=''D'', Size=60
[12:30:14 DBG] [Session 55e590c2-102c-4006-947c-2eb9a9b5df89] Backend->Client: Type=''D'', Size=65
[12:30:14 DBG] [Session 55e590c2-102c-4006-947c-2eb9a9b5df89] Backend->Client: Type=''D'', Size=65
[12:30:14 DBG] [Session 55e590c2-102c-4006-947c-2eb9a9b5df89] Backend->Client: Type=''D'', Size=65
[12:30:14 DBG] [Session 55e590c2-102c-4006-947c-2eb9a9b5df89] Backend->Client: Type=''D'', Size=65
[12:30:14 DBG] [Session 55e590c2-102c-4006-947c-2eb9a9b5df89] Backend->Client: Type=''D'', Size=64
[12:30:14 DBG] [Session 55e590c2-102c-4006-947c-2eb9a9b5df89] Backend->Client: Type=''D'', Size=63
[12:30:14 DBG] [Session 55e590c2-102c-4006-947c-2eb9a9b5df89] Backend->Client: Type=''D'', Size=74
[12:30:14 DBG] [Session 55e590c2-102c-4006-947c-2eb9a9b5df89] Backend->Client: Type=''D'', Size=73
[12:30:14 DBG] [Session 55e590c2-102c-4006-947c-2eb9a9b5df89] Backend->Client: Type=''D'', Size=69
[12:30:14 DBG] [Session 55e590c2-102c-4006-947c-2eb9a9b5df89] Backend->Client: Type=''D'', Size=70
[12:30:14 DBG] [Session 55e590c2-102c-4006-947c-2eb9a9b5df89] Backend->Client: Type=''D'', Size=72
[12:30:14 DBG] [Session 55e590c2-102c-4006-947c-2eb9a9b5df89] Backend->Client: Type=''D'', Size=71
[12:30:14 DBG] [Session 55e590c2-102c-4006-947c-2eb9a9b5df89] Backend->Client: Type=''D'', Size=58
[12:30:14 DBG] [Session 55e590c2-102c-4006-947c-2eb9a9b5df89] Backend->Client: Type=''D'', Size=54
[12:30:14 DBG] [Session 55e590c2-102c-4006-947c-2eb9a9b5df89] Backend->Client: Type=''D'', Size=55
[12:30:14 DBG] [Session 55e590c2-102c-4006-947c-2eb9a9b5df89] Backend->Client: Type=''D'', Size=54
[12:30:14 DBG] [Session 55e590c2-102c-4006-947c-2eb9a9b5df89] Backend->Client: Type=''D'', Size=54
[12:30:14 DBG] [Session 55e590c2-102c-4006-947c-2eb9a9b5df89] Backend->Client: Type=''D'', Size=54
[12:30:14 DBG] [Session 55e590c2-102c-4006-947c-2eb9a9b5df89] Backend->Client: Type=''D'', Size=54
[12:30:14 DBG] [Session 55e590c2-102c-4006-947c-2eb9a9b5df89] Backend->Client: Type=''D'', Size=60
[12:30:14 DBG] [Session 55e590c2-102c-4006-947c-2eb9a9b5df89] Backend->Client: Type=''D'', Size=54
[12:30:14 DBG] [Session 55e590c2-102c-4006-947c-2eb9a9b5df89] Backend->Client: Type=''D'', Size=57
[12:30:14 DBG] [Session 55e590c2-102c-4006-947c-2eb9a9b5df89] Backend->Client: Type=''D'', Size=54
[12:30:14 DBG] [Session 55e590c2-102c-4006-947c-2eb9a9b5df89] Backend->Client: Type=''D'', Size=53
[12:30:14 DBG] [Session 55e590c2-102c-4006-947c-2eb9a9b5df89] Backend->Client: Type=''D'', Size=53
[12:30:14 DBG] [Session 55e590c2-102c-4006-947c-2eb9a9b5df89] Backend->Client: Type=''D'', Size=53
[12:30:14 DBG] [Session 55e590c2-102c-4006-947c-2eb9a9b5df89] Backend->Client: Type=''D'', Size=53
[12:30:14 DBG] [Session 55e590c2-102c-4006-947c-2eb9a9b5df89] Backend->Client: Type=''D'', Size=59
[12:30:14 DBG] [Session 55e590c2-102c-4006-947c-2eb9a9b5df89] Backend->Client: Type=''D'', Size=54
[12:30:14 DBG] [Session 55e590c2-102c-4006-947c-2eb9a9b5df89] Backend->Client: Type=''D'', Size=53
[12:30:14 DBG] [Session 55e590c2-102c-4006-947c-2eb9a9b5df89] Backend->Client: Type=''D'', Size=55
[12:30:14 DBG] [Session 55e590c2-102c-4006-947c-2eb9a9b5df89] Backend->Client: Type=''D'', Size=56
[12:30:14 DBG] [Session 55e590c2-102c-4006-947c-2eb9a9b5df89] Backend->Client: Type=''D'', Size=55
[12:30:14 DBG] [Session 55e590c2-102c-4006-947c-2eb9a9b5df89] Backend->Client: Type=''D'', Size=55
[12:30:14 DBG] [Session 55e590c2-102c-4006-947c-2eb9a9b5df89] Backend->Client: Type=''D'', Size=54
[12:30:14 DBG] [Session 55e590c2-102c-4006-947c-2eb9a9b5df89] Backend->Client: Type=''D'', Size=58
[12:30:14 DBG] [Session 55e590c2-102c-4006-947c-2eb9a9b5df89] Backend->Client: Type=''D'', Size=54
[12:30:14 DBG] [Session 55e590c2-102c-4006-947c-2eb9a9b5df89] Backend->Client: Type=''D'', Size=57
[12:30:14 DBG] [Session 55e590c2-102c-4006-947c-2eb9a9b5df89] Backend->Client: Type=''D'', Size=57
[12:30:14 DBG] [Session 55e590c2-102c-4006-947c-2eb9a9b5df89] Backend->Client: Type=''D'', Size=56
[12:30:14 DBG] [Session 55e590c2-102c-4006-947c-2eb9a9b5df89] Backend->Client: Type=''D'', Size=55
[12:30:14 DBG] [Session 55e590c2-102c-4006-947c-2eb9a9b5df89] Backend->Client: Type=''D'', Size=58
[12:30:14 DBG] [Session 55e590c2-102c-4006-947c-2eb9a9b5df89] Backend->Client: Type=''D'', Size=55
[12:30:14 DBG] [Session 55e590c2-102c-4006-947c-2eb9a9b5df89] Backend->Client: Type=''D'', Size=54
[12:30:14 DBG] [Session 55e590c2-102c-4006-947c-2eb9a9b5df89] Backend->Client: Type=''D'', Size=58
[12:30:14 DBG] [Session 55e590c2-102c-4006-947c-2eb9a9b5df89] Backend->Client: Type=''D'', Size=59
[12:30:14 DBG] [Session 55e590c2-102c-4006-947c-2eb9a9b5df89] Backend->Client: Type=''D'', Size=58
[12:30:14 DBG] [Session 55e590c2-102c-4006-947c-2eb9a9b5df89] Backend->Client: Type=''D'', Size=59
[12:30:14 DBG] [Session 55e590c2-102c-4006-947c-2eb9a9b5df89] Backend->Client: Type=''D'', Size=56
[12:30:14 DBG] [Session 55e590c2-102c-4006-947c-2eb9a9b5df89] Backend->Client: Type=''D'', Size=56
[12:30:14 DBG] [Session 55e590c2-102c-4006-947c-2eb9a9b5df89] Backend->Client: Type=''D'', Size=61
[12:30:14 DBG] [Session 55e590c2-102c-4006-947c-2eb9a9b5df89] Backend->Client: Type=''D'', Size=63
[12:30:14 DBG] [Session 55e590c2-102c-4006-947c-2eb9a9b5df89] Backend->Client: Type=''D'', Size=60
[12:30:14 DBG] [Session 55e590c2-102c-4006-947c-2eb9a9b5df89] Backend->Client: Type=''D'', Size=58
[12:30:14 DBG] [Session 55e590c2-102c-4006-947c-2eb9a9b5df89] Backend->Client: Type=''D'', Size=55
[12:30:14 DBG] [Session 55e590c2-102c-4006-947c-2eb9a9b5df89] Backend->Client: Type=''D'', Size=58
[12:30:14 DBG] [Session 55e590c2-102c-4006-947c-2eb9a9b5df89] Backend->Client: Type=''D'', Size=59
[12:30:14 DBG] [Session 55e590c2-102c-4006-947c-2eb9a9b5df89] Backend->Client: Type=''D'', Size=61
[12:30:14 DBG] [Session 55e590c2-102c-4006-947c-2eb9a9b5df89] Backend->Client: Type=''D'', Size=64
[12:30:14 DBG] [Session 55e590c2-102c-4006-947c-2eb9a9b5df89] Backend->Client: Type=''D'', Size=59
[12:30:14 DBG] [Session 55e590c2-102c-4006-947c-2eb9a9b5df89] Backend->Client: Type=''D'', Size=63
[12:30:14 DBG] [Session 55e590c2-102c-4006-947c-2eb9a9b5df89] Backend->Client: Type=''D'', Size=60
[12:30:14 DBG] [Session 55e590c2-102c-4006-947c-2eb9a9b5df89] Backend->Client: Type=''D'', Size=64
[12:30:14 DBG] [Session 55e590c2-102c-4006-947c-2eb9a9b5df89] Backend->Client: Type=''D'', Size=59
[12:30:14 DBG] [Session 55e590c2-102c-4006-947c-2eb9a9b5df89] Backend->Client: Type=''D'', Size=59
[12:30:14 DBG] [Session 55e590c2-102c-4006-947c-2eb9a9b5df89] Backend->Client: Type=''D'', Size=64
[12:30:14 DBG] [Session 55e590c2-102c-4006-947c-2eb9a9b5df89] Backend->Client: Type=''D'', Size=56
[12:30:14 DBG] [Session 55e590c2-102c-4006-947c-2eb9a9b5df89] Backend->Client: Type=''D'', Size=58
[12:30:14 DBG] [Session 55e590c2-102c-4006-947c-2eb9a9b5df89] Backend->Client: Type=''D'', Size=60
[12:30:14 DBG] [Session 55e590c2-102c-4006-947c-2eb9a9b5df89] Backend->Client: Type=''D'', Size=61
[12:30:14 DBG] [Session 55e590c2-102c-4006-947c-2eb9a9b5df89] Backend->Client: Type=''D'', Size=59
[12:30:14 DBG] [Session 55e590c2-102c-4006-947c-2eb9a9b5df89] Backend->Client: Type=''D'', Size=61
[12:30:14 DBG] [Session 55e590c2-102c-4006-947c-2eb9a9b5df89] Backend->Client: Type=''D'', Size=65
[12:30:14 DBG] [Session 55e590c2-102c-4006-947c-2eb9a9b5df89] Backend->Client: Type=''D'', Size=57
[12:30:14 DBG] [Session 55e590c2-102c-4006-947c-2eb9a9b5df89] Backend->Client: Type=''D'', Size=60
[12:30:14 DBG] [Session 55e590c2-102c-4006-947c-2eb9a9b5df89] Backend->Client: Type=''D'', Size=65
[12:30:14 DBG] [Session 55e590c2-102c-4006-947c-2eb9a9b5df89] Backend->Client: Type=''D'', Size=63
[12:30:14 DBG] [Session 55e590c2-102c-4006-947c-2eb9a9b5df89] Backend->Client: Type=''D'', Size=61
[12:30:14 DBG] [Session 55e590c2-102c-4006-947c-2eb9a9b5df89] Backend->Client: Type=''D'', Size=60
[12:30:14 DBG] [Session 55e590c2-102c-4006-947c-2eb9a9b5df89] Backend->Client: Type=''D'', Size=59
[12:30:14 DBG] [Session 55e590c2-102c-4006-947c-2eb9a9b5df89] Backend->Client: Type=''D'', Size=61
[12:30:14 DBG] [Session 55e590c2-102c-4006-947c-2eb9a9b5df89] Backend->Client: Type=''D'', Size=61
[12:30:14 DBG] [Session 55e590c2-102c-4006-947c-2eb9a9b5df89] Backend->Client: Type=''D'', Size=61
[12:30:14 DBG] [Session 55e590c2-102c-4006-947c-2eb9a9b5df89] Backend->Client: Type=''D'', Size=66
[12:30:14 DBG] [Session 55e590c2-102c-4006-947c-2eb9a9b5df89] Backend->Client: Type=''D'', Size=65
[12:30:14 DBG] [Session 55e590c2-102c-4006-947c-2eb9a9b5df89] Backend->Client: Type=''D'', Size=64
[12:30:14 DBG] [Session 55e590c2-102c-4006-947c-2eb9a9b5df89] Backend->Client: Type=''D'', Size=66
[12:30:14 DBG] [Session 55e590c2-102c-4006-947c-2eb9a9b5df89] Backend->Client: Type=''D'', Size=66
[12:30:14 DBG] [Session 55e590c2-102c-4006-947c-2eb9a9b5df89] Backend->Client: Type=''D'', Size=66
[12:30:14 DBG] [Session 55e590c2-102c-4006-947c-2eb9a9b5df89] Backend->Client: Type=''D'', Size=77
[12:30:14 DBG] [Session 55e590c2-102c-4006-947c-2eb9a9b5df89] Backend->Client: Type=''D'', Size=76
[12:30:14 DBG] [Session 55e590c2-102c-4006-947c-2eb9a9b5df89] Backend->Client: Type=''D'', Size=76
[12:30:14 DBG] [Session 55e590c2-102c-4006-947c-2eb9a9b5df89] Backend->Client: Type=''D'', Size=72
[12:30:14 DBG] [Session 55e590c2-102c-4006-947c-2eb9a9b5df89] Backend->Client: Type=''C'', Size=16
[12:30:14 DBG] [Session 55e590c2-102c-4006-947c-2eb9a9b5df89] Backend->Client: Type=''T'', Size=82
[12:30:14 DBG] [Session 55e590c2-102c-4006-947c-2eb9a9b5df89] Backend->Client: Type=''C'', Size=14
[12:30:14 DBG] [Session 55e590c2-102c-4006-947c-2eb9a9b5df89] Backend->Client: Type=''T'', Size=57
[12:30:14 DBG] [Session 55e590c2-102c-4006-947c-2eb9a9b5df89] Backend->Client: Type=''C'', Size=14
[12:30:14 DBG] [Session 55e590c2-102c-4006-947c-2eb9a9b5df89] Backend->Client: Type=''Z'', Size=6
[12:30:14 DBG] [Session 55e590c2-102c-4006-947c-2eb9a9b5df89] ReadyForQuery: Status=''I''
[12:30:14 DBG] [Session 55e590c2-102c-4006-947c-2eb9a9b5df89] Backend released: 621597d1-ee78-45d0-a43d-4c5ee4fde186
[12:30:14 DBG] [Session db51fa41-4a4e-41db-95e1-d23afb10dacb] Client->Backend: Type=''P'', State=Idle, Size=20
[12:30:14 DBG] [Session 4009de96-166f-474b-a28e-711cc70d853b] Client->Backend: Type=''P'', State=Idle, Size=20
[12:30:14 DBG] [Session fd8a12a9-56ff-4011-8c3f-dc7848e62843] Client->Backend: Type=''P'', State=Idle, Size=20
[12:30:14 DBG] [Session 55e590c2-102c-4006-947c-2eb9a9b5df89] Client->Backend: Type=''P'', State=Idle, Size=20
[12:30:14 DBG] [Session b1c3c0a6-da7f-43a7-bd2f-330505ec8034] Client->Backend: Type=''P'', State=Idle, Size=20
[12:30:14 INF] [CreateConnection] Starting connection to 127.0.0.1:5437 for database postgres, user postgres
[12:30:14 INF] [CreateConnection] Starting connection to 127.0.0.1:5437 for database postgres, user postgres
[12:30:14 INF] [CreateConnection] Starting connection to 127.0.0.1:5437 for database postgres, user postgres
[12:30:14 DBG] [CreateConnection] Calling ConnectAndAuthenticateAsync...
[12:30:14 INF] [CreateConnection] Starting connection to 127.0.0.1:5437 for database postgres, user postgres
[12:30:14 DBG] [CreateConnection] Calling ConnectAndAuthenticateAsync...
[12:30:14 DBG] [CreateConnection] Calling ConnectAndAuthenticateAsync...
[12:30:14 DBG] [CreateConnection] Calling ConnectAndAuthenticateAsync...
[12:30:14 INF] Подключаемся к PostgreSQL 127.0.0.1:5437...
[12:30:14 INF] Подключаемся к PostgreSQL 127.0.0.1:5437...
[12:30:14 INF] Подключаемся к PostgreSQL 127.0.0.1:5437...
[12:30:14 INF] Подключаемся к PostgreSQL 127.0.0.1:5437...
[12:30:14 DBG] [Session 55e590c2-102c-4006-947c-2eb9a9b5df89] Backend acquired: 621597d1-ee78-45d0-a43d-4c5ee4fde186 in 0ms
[12:30:14 DBG] [Session 55e590c2-102c-4006-947c-2eb9a9b5df89] Client->Backend: Type=''B'', State=ParseReceived, Size=15
[12:30:14 DBG] [Session 55e590c2-102c-4006-947c-2eb9a9b5df89] Client->Backend: Type=''D'', State=BindReceived, Size=7
[12:30:14 DBG] [Session 55e590c2-102c-4006-947c-2eb9a9b5df89] Client->Backend: Type=''E'', State=BindReceived, Size=10
[12:30:14 DBG] [Session 55e590c2-102c-4006-947c-2eb9a9b5df89] Client->Backend: Type=''S'', State=ExecuteReceived, Size=5
[12:30:14 DBG] [Session 55e590c2-102c-4006-947c-2eb9a9b5df89] Flushing 4 messages to backend
[12:30:14 INF] Подключено к PostgreSQL 127.0.0.1:5437
[12:30:14 INF] Подключено к PostgreSQL 127.0.0.1:5437
[12:30:14 INF] Подключено к PostgreSQL 127.0.0.1:5437
[12:30:14 INF] Подключено к PostgreSQL 127.0.0.1:5437
[12:30:14 INF] Отправлен StartupMessage для postgres/postgres
[12:30:14 INF] Отправлен StartupMessage для postgres/postgres
[12:30:14 INF] Отправлен StartupMessage для postgres/postgres
[12:30:14 INF] Ожидание ответа от PostgreSQL...
[12:30:14 INF] Ожидание ответа от PostgreSQL...
[12:30:14 INF] Отправлен StartupMessage для postgres/postgres
[12:30:14 INF] Ожидание ответа от PostgreSQL...
[12:30:14 INF] Ожидание ответа от PostgreSQL...
[12:30:14 DBG] [Session 55e590c2-102c-4006-947c-2eb9a9b5df89] Backend->Client: Type=''E'', Size=125
[12:30:14 DBG] [Session 55e590c2-102c-4006-947c-2eb9a9b5df89] Backend->Client: Type=''Z'', Size=6
[12:30:14 DBG] [Session 55e590c2-102c-4006-947c-2eb9a9b5df89] ReadyForQuery: Status=''I''
[12:30:14 DBG] [Session 55e590c2-102c-4006-947c-2eb9a9b5df89] Backend released: 621597d1-ee78-45d0-a43d-4c5ee4fde186
[12:30:14 DBG] [Session 55e590c2-102c-4006-947c-2eb9a9b5df89] Client->Backend: Type=''X'', State=Idle, Size=5
[12:30:14 DBG] [Session 55e590c2-102c-4006-947c-2eb9a9b5df89] Client sent Terminate
[12:30:14 DBG] === НОВАЯ СЕССИЯ ===
[12:30:14 DBG] SSLRequest -> отвечаем 'N'
[12:30:14 INF] >>> postgres/postgres
[12:30:14 INF] === TRANSACTION POOLING MODE ===
[12:30:14 INF] Getting pool for postgres/postgres...
[12:30:14 INF] Sending AuthOk + ReadyForQuery...
[12:30:14 DBG] Отправлены AuthOk + ParameterStatus + ReadyForQuery клиенту
[12:30:14 INF] AuthOk sent. Starting TransactionPoolingSession...
[12:30:14 INF] [Session 52ed31c2-e122-45aa-b1b7-a1e24bec7e97] Starting EnhancedTransactionPoolingSessionV2 (Event-driven)
[12:30:14 INF] [Session 52ed31c2-e122-45aa-b1b7-a1e24bec7e97] ClientWriterLoop starting
[12:30:14 DBG] [Session 52ed31c2-e122-45aa-b1b7-a1e24bec7e97] Client->Backend: Type=''P'', State=Idle, Size=20
[12:30:14 DBG] [Session 52ed31c2-e122-45aa-b1b7-a1e24bec7e97] Backend acquired: 621597d1-ee78-45d0-a43d-4c5ee4fde186 in 0ms
[12:30:14 DBG] [Session 52ed31c2-e122-45aa-b1b7-a1e24bec7e97] Client->Backend: Type=''B'', State=ParseReceived, Size=15
[12:30:14 DBG] [Session 52ed31c2-e122-45aa-b1b7-a1e24bec7e97] Client->Backend: Type=''D'', State=BindReceived, Size=7
[12:30:14 DBG] [Session 52ed31c2-e122-45aa-b1b7-a1e24bec7e97] Client->Backend: Type=''E'', State=BindReceived, Size=10
[12:30:14 DBG] [Session 52ed31c2-e122-45aa-b1b7-a1e24bec7e97] Client->Backend: Type=''S'', State=ExecuteReceived, Size=5
[12:30:14 DBG] [Session 52ed31c2-e122-45aa-b1b7-a1e24bec7e97] Flushing 4 messages to backend
[12:30:14 INF] Получено 409 байт от PostgreSQL
[12:30:14 INF] Получено 409 байт от PostgreSQL
[12:30:14 INF] Получен AuthenticationRequest, обрабатываем...
[12:30:14 INF] Получено 409 байт от PostgreSQL
[12:30:14 INF] Получен AuthenticationRequest, обрабатываем...
[12:30:14 INF] Получен AuthenticationRequest, обрабатываем...
[12:30:14 INF] Auth type: Ok, bytes read: 409, first message length: 8
[12:30:14 INF] Auth type: Ok, bytes read: 409, first message length: 8
[12:30:14 INF] Auth type: Ok, bytes read: 409, first message length: 8
[12:30:14 INF] Checking buffer from offset 9 for ReadyForQuery...
[12:30:14 INF] Checking buffer from offset 9 for ReadyForQuery...
[12:30:14 INF] Checking buffer from offset 9 for ReadyForQuery...
[12:30:14 INF] Found message type ''S'' (0x53) at offset 9, length 35
[12:30:14 INF] Found message type ''S'' (0x53) at offset 9, length 35
[12:30:14 INF] Found message type ''S'' (0x53) at offset 45, length 25
[12:30:14 INF] Found message type ''S'' (0x53) at offset 9, length 35
[12:30:14 INF] Found message type ''S'' (0x53) at offset 45, length 25
[12:30:14 INF] Found message type ''S'' (0x53) at offset 71, length 23
[12:30:14 INF] Found message type ''S'' (0x53) at offset 45, length 25
[12:30:14 INF] Found message type ''S'' (0x53) at offset 71, length 23
[12:30:14 INF] Found message type ''S'' (0x53) at offset 95, length 38
[12:30:14 INF] Found message type ''S'' (0x53) at offset 71, length 23
[12:30:14 INF] Found message type ''S'' (0x53) at offset 95, length 38
[12:30:14 INF] Found message type ''S'' (0x53) at offset 134, length 23
[12:30:14 INF] Found message type ''S'' (0x53) at offset 95, length 38
[12:30:14 INF] Found message type ''S'' (0x53) at offset 134, length 23
[12:30:14 INF] Found message type ''S'' (0x53) at offset 158, length 25
[12:30:14 INF] Found message type ''S'' (0x53) at offset 134, length 23
[12:30:14 INF] Found message type ''S'' (0x53) at offset 158, length 25
[12:30:14 INF] Found message type ''S'' (0x53) at offset 184, length 27
[12:30:14 INF] Found message type ''S'' (0x53) at offset 184, length 27
[12:30:14 INF] Получено 409 байт от PostgreSQL
[12:30:14 INF] Found message type ''S'' (0x53) at offset 158, length 25
[12:30:14 INF] Found message type ''S'' (0x53) at offset 212, length 20
[12:30:14 INF] Получен AuthenticationRequest, обрабатываем...
[12:30:14 INF] Found message type ''S'' (0x53) at offset 184, length 27
[12:30:14 INF] Found message type ''S'' (0x53) at offset 212, length 20
[12:30:14 INF] Auth type: Ok, bytes read: 409, first message length: 8
[12:30:14 INF] Found message type ''S'' (0x53) at offset 212, length 20
[12:30:14 INF] Checking buffer from offset 9 for ReadyForQuery...
[12:30:14 INF] Found message type ''S'' (0x53) at offset 233, length 25
[12:30:14 INF] Found message type ''S'' (0x53) at offset 9, length 35
[12:30:14 INF] Found message type ''S'' (0x53) at offset 233, length 25
[12:30:14 INF] Found message type ''S'' (0x53) at offset 259, length 25
[12:30:14 INF] Found message type ''S'' (0x53) at offset 233, length 25
[12:30:14 INF] Found message type ''S'' (0x53) at offset 259, length 25
[12:30:14 INF] Found message type ''S'' (0x53) at offset 285, length 35
[12:30:14 INF] Found message type ''S'' (0x53) at offset 259, length 25
[12:30:14 INF] Found message type ''S'' (0x53) at offset 45, length 25
[12:30:14 INF] Found message type ''S'' (0x53) at offset 321, length 35
[12:30:14 INF] Found message type ''S'' (0x53) at offset 285, length 35
[12:30:14 INF] Found message type ''S'' (0x53) at offset 71, length 23
[12:30:14 INF] Found message type ''S'' (0x53) at offset 285, length 35
[12:30:14 INF] Found message type ''S'' (0x53) at offset 321, length 35
[12:30:14 INF] Found message type ''S'' (0x53) at offset 95, length 38
[12:30:14 INF] Found message type ''S'' (0x53) at offset 357, length 32
[12:30:14 INF] Found message type ''S'' (0x53) at offset 357, length 32
[12:30:14 INF] Found message type ''K'' (0x4B) at offset 390, length 12
[12:30:14 INF] Found message type ''S'' (0x53) at offset 321, length 35
[12:30:14 INF] Found message type ''S'' (0x53) at offset 134, length 23
[12:30:14 INF] Found message type ''Z'' (0x5A) at offset 403, length 5
[12:30:14 INF] Found message type ''K'' (0x4B) at offset 390, length 12
[12:30:14 INF] Found message type ''S'' (0x53) at offset 158, length 25
[12:30:14 INF] SUCCESS: ReadyForQuery found in initial buffer!
[12:30:14 INF] Found message type ''Z'' (0x5A) at offset 403, length 5
[12:30:14 INF] Found message type ''S'' (0x53) at offset 357, length 32
[12:30:14 INF] SUCCESS: ReadyForQuery found in initial buffer!
[12:30:14 DBG] [CreateConnection] ConnectAndAuthenticateAsync succeeded, creating ServerConnection...
[12:30:14 INF] Found message type ''K'' (0x4B) at offset 390, length 12
[12:30:14 DBG] [CreateConnection] ConnectAndAuthenticateAsync succeeded, creating ServerConnection...
[12:30:14 INF] [CreateConnection] SUCCESS: Connection 60ddacc9-987a-408a-bfb4-2e0507ad6348 created and authenticated
[12:30:14 INF] Found message type ''Z'' (0x5A) at offset 403, length 5
[12:30:14 INF] [CreateConnection] SUCCESS: Connection 4da2e5fd-e780-464e-9c58-63d2a4476e87 created and authenticated
[12:30:14 INF] Создано соединение 60ddacc9-987a-408a-bfb4-2e0507ad6348 для postgres/postgres (всего: 4)
[12:30:14 INF] Found message type ''S'' (0x53) at offset 184, length 27
[12:30:14 INF] Создано соединение 4da2e5fd-e780-464e-9c58-63d2a4476e87 для postgres/postgres (всего: 5)
[12:30:14 INF] SUCCESS: ReadyForQuery found in initial buffer!
[12:30:14 INF] Found message type ''S'' (0x53) at offset 212, length 20
[12:30:14 DBG] [Session 4009de96-166f-474b-a28e-711cc70d853b] Backend acquired: 4da2e5fd-e780-464e-9c58-63d2a4476e87 in 34ms
[12:30:14 DBG] [CreateConnection] ConnectAndAuthenticateAsync succeeded, creating ServerConnection...
[12:30:14 INF] Found message type ''S'' (0x53) at offset 233, length 25
[12:30:14 DBG] [Session db51fa41-4a4e-41db-95e1-d23afb10dacb] Backend acquired: 60ddacc9-987a-408a-bfb4-2e0507ad6348 in 34ms
[12:30:14 INF] [CreateConnection] SUCCESS: Connection c18095e9-2004-4fb1-9b7e-1190d95872ab created and authenticated
[12:30:14 INF] Found message type ''S'' (0x53) at offset 259, length 25
[12:30:14 INF] Создано соединение c18095e9-2004-4fb1-9b7e-1190d95872ab для postgres/postgres (всего: 2)
[12:30:14 INF] Found message type ''S'' (0x53) at offset 285, length 35
[12:30:14 DBG] [Session db51fa41-4a4e-41db-95e1-d23afb10dacb] Client->Backend: Type=''B'', State=ParseReceived, Size=15
[12:30:14 DBG] [Session 4009de96-166f-474b-a28e-711cc70d853b] Client->Backend: Type=''B'', State=ParseReceived, Size=15
[12:30:14 DBG] [Session b1c3c0a6-da7f-43a7-bd2f-330505ec8034] Backend acquired: c18095e9-2004-4fb1-9b7e-1190d95872ab in 34ms
[12:30:14 INF] Found message type ''S'' (0x53) at offset 321, length 35
[12:30:14 DBG] [Session db51fa41-4a4e-41db-95e1-d23afb10dacb] Client->Backend: Type=''D'', State=BindReceived, Size=7
[12:30:14 DBG] [Session b1c3c0a6-da7f-43a7-bd2f-330505ec8034] Client->Backend: Type=''B'', State=ParseReceived, Size=15
[12:30:14 DBG] [Session 4009de96-166f-474b-a28e-711cc70d853b] Client->Backend: Type=''D'', State=BindReceived, Size=7
[12:30:14 DBG] [Session db51fa41-4a4e-41db-95e1-d23afb10dacb] Client->Backend: Type=''E'', State=BindReceived, Size=10
[12:30:14 DBG] [Session b1c3c0a6-da7f-43a7-bd2f-330505ec8034] Client->Backend: Type=''D'', State=BindReceived, Size=7
[12:30:14 DBG] [Session 4009de96-166f-474b-a28e-711cc70d853b] Client->Backend: Type=''E'', State=BindReceived, Size=10
[12:30:14 INF] Found message type ''S'' (0x53) at offset 357, length 32
[12:30:14 DBG] [Session db51fa41-4a4e-41db-95e1-d23afb10dacb] Client->Backend: Type=''S'', State=ExecuteReceived, Size=5
[12:30:14 INF] Found message type ''K'' (0x4B) at offset 390, length 12
[12:30:14 DBG] [Session b1c3c0a6-da7f-43a7-bd2f-330505ec8034] Client->Backend: Type=''E'', State=BindReceived, Size=10
[12:30:14 DBG] [Session b1c3c0a6-da7f-43a7-bd2f-330505ec8034] Client->Backend: Type=''S'', State=ExecuteReceived, Size=5
[12:30:14 DBG] [Session 4009de96-166f-474b-a28e-711cc70d853b] Client->Backend: Type=''S'', State=ExecuteReceived, Size=5
[12:30:14 DBG] [Session db51fa41-4a4e-41db-95e1-d23afb10dacb] Flushing 4 messages to backend
[12:30:14 DBG] [Session b1c3c0a6-da7f-43a7-bd2f-330505ec8034] Flushing 4 messages to backend
[12:30:14 DBG] [Session 4009de96-166f-474b-a28e-711cc70d853b] Flushing 4 messages to backend
[12:30:14 INF] Found message type ''Z'' (0x5A) at offset 403, length 5
[12:30:14 INF] SUCCESS: ReadyForQuery found in initial buffer!
[12:30:14 DBG] [CreateConnection] ConnectAndAuthenticateAsync succeeded, creating ServerConnection...
[12:30:14 INF] [CreateConnection] SUCCESS: Connection 06dd5d9f-92f1-4006-8e17-515e032141b0 created and authenticated
[12:30:14 INF] Создано соединение 06dd5d9f-92f1-4006-8e17-515e032141b0 для postgres/postgres (всего: 3)
[12:30:14 DBG] [Session fd8a12a9-56ff-4011-8c3f-dc7848e62843] Backend acquired: 06dd5d9f-92f1-4006-8e17-515e032141b0 in 35ms
[12:30:14 DBG] [Session fd8a12a9-56ff-4011-8c3f-dc7848e62843] Client->Backend: Type=''B'', State=ParseReceived, Size=15
[12:30:14 DBG] [Session fd8a12a9-56ff-4011-8c3f-dc7848e62843] Client->Backend: Type=''D'', State=BindReceived, Size=7
[12:30:14 DBG] [Session fd8a12a9-56ff-4011-8c3f-dc7848e62843] Client->Backend: Type=''E'', State=BindReceived, Size=10
[12:30:14 DBG] [Session fd8a12a9-56ff-4011-8c3f-dc7848e62843] Client->Backend: Type=''S'', State=ExecuteReceived, Size=5
[12:30:14 DBG] [Session fd8a12a9-56ff-4011-8c3f-dc7848e62843] Flushing 4 messages to backend
[12:30:14 DBG] [Session db51fa41-4a4e-41db-95e1-d23afb10dacb] Backend->Client: Type=''E'', Size=125
[12:30:14 DBG] [Session fd8a12a9-56ff-4011-8c3f-dc7848e62843] Backend->Client: Type=''E'', Size=125
[12:30:14 DBG] [Session 4009de96-166f-474b-a28e-711cc70d853b] Backend->Client: Type=''E'', Size=125
[12:30:14 DBG] [Session b1c3c0a6-da7f-43a7-bd2f-330505ec8034] Backend->Client: Type=''E'', Size=125
[12:30:14 DBG] [Session db51fa41-4a4e-41db-95e1-d23afb10dacb] Backend->Client: Type=''Z'', Size=6
[12:30:14 DBG] [Session fd8a12a9-56ff-4011-8c3f-dc7848e62843] Backend->Client: Type=''Z'', Size=6
[12:30:14 DBG] [Session 4009de96-166f-474b-a28e-711cc70d853b] Backend->Client: Type=''Z'', Size=6
[12:30:14 DBG] [Session b1c3c0a6-da7f-43a7-bd2f-330505ec8034] Backend->Client: Type=''Z'', Size=6
[12:30:14 DBG] [Session 4009de96-166f-474b-a28e-711cc70d853b] ReadyForQuery: Status=''I''
[12:30:14 DBG] [Session db51fa41-4a4e-41db-95e1-d23afb10dacb] ReadyForQuery: Status=''I''
[12:30:14 DBG] [Session fd8a12a9-56ff-4011-8c3f-dc7848e62843] ReadyForQuery: Status=''I''
[12:30:14 DBG] [Session 4009de96-166f-474b-a28e-711cc70d853b] Backend released: 4da2e5fd-e780-464e-9c58-63d2a4476e87
[12:30:14 DBG] [Session b1c3c0a6-da7f-43a7-bd2f-330505ec8034] ReadyForQuery: Status=''I''
[12:30:14 DBG] [Session db51fa41-4a4e-41db-95e1-d23afb10dacb] Backend released: 60ddacc9-987a-408a-bfb4-2e0507ad6348
[12:30:14 DBG] [Session b1c3c0a6-da7f-43a7-bd2f-330505ec8034] Backend released: c18095e9-2004-4fb1-9b7e-1190d95872ab
[12:30:14 DBG] [Session fd8a12a9-56ff-4011-8c3f-dc7848e62843] Backend released: 06dd5d9f-92f1-4006-8e17-515e032141b0
[12:30:14 DBG] [Session db51fa41-4a4e-41db-95e1-d23afb10dacb] Client->Backend: Type=''X'', State=Idle, Size=5
[12:30:14 DBG] [Session 4009de96-166f-474b-a28e-711cc70d853b] Client->Backend: Type=''X'', State=Idle, Size=5
[12:30:14 DBG] [Session fd8a12a9-56ff-4011-8c3f-dc7848e62843] Client->Backend: Type=''X'', State=Idle, Size=5
[12:30:14 DBG] [Session db51fa41-4a4e-41db-95e1-d23afb10dacb] Client sent Terminate
[12:30:14 DBG] [Session b1c3c0a6-da7f-43a7-bd2f-330505ec8034] Client->Backend: Type=''X'', State=Idle, Size=5
[12:30:14 DBG] [Session 4009de96-166f-474b-a28e-711cc70d853b] Client sent Terminate
[12:30:14 DBG] [Session fd8a12a9-56ff-4011-8c3f-dc7848e62843] Client sent Terminate
[12:30:14 DBG] [Session b1c3c0a6-da7f-43a7-bd2f-330505ec8034] Client sent Terminate
[12:30:14 DBG] === НОВАЯ СЕССИЯ ===
[12:30:14 DBG] SSLRequest -> отвечаем 'N'
[12:30:14 DBG] === НОВАЯ СЕССИЯ ===
[12:30:14 DBG] === НОВАЯ СЕССИЯ ===
[12:30:14 DBG] === НОВАЯ СЕССИЯ ===
[12:30:14 DBG] SSLRequest -> отвечаем 'N'
[12:30:14 DBG] SSLRequest -> отвечаем 'N'
[12:30:14 INF] >>> postgres/postgres
[12:30:14 DBG] SSLRequest -> отвечаем 'N'
[12:30:14 INF] === TRANSACTION POOLING MODE ===
[12:30:14 INF] Getting pool for postgres/postgres...
[12:30:14 INF] >>> postgres/postgres
[12:30:14 INF] Sending AuthOk + ReadyForQuery...
[12:30:14 INF] === TRANSACTION POOLING MODE ===
[12:30:14 INF] >>> postgres/postgres
[12:30:14 INF] Getting pool for postgres/postgres...
[12:30:14 INF] >>> postgres/postgres
[12:30:14 INF] Sending AuthOk + ReadyForQuery...
[12:30:14 INF] === TRANSACTION POOLING MODE ===
[12:30:14 INF] === TRANSACTION POOLING MODE ===
[12:30:14 DBG] Отправлены AuthOk + ParameterStatus + ReadyForQuery клиенту
[12:30:14 DBG] Отправлены AuthOk + ParameterStatus + ReadyForQuery клиенту
[12:30:14 INF] Getting pool for postgres/postgres...
[12:30:14 INF] AuthOk sent. Starting TransactionPoolingSession...
[12:30:14 INF] Getting pool for postgres/postgres...
[12:30:14 INF] [Session 55ada1b6-d59d-455d-8867-4c7e2782f655] Starting EnhancedTransactionPoolingSessionV2 (Event-driven)
[12:30:14 INF] AuthOk sent. Starting TransactionPoolingSession...
[12:30:14 INF] Sending AuthOk + ReadyForQuery...
[12:30:14 INF] [Session af4f5ec8-7d21-4ffe-b2b9-d800598dbc5a] Starting EnhancedTransactionPoolingSessionV2 (Event-driven)
[12:30:14 DBG] [Session 55ada1b6-d59d-455d-8867-4c7e2782f655] Client->Backend: Type=''P'', State=Idle, Size=20
[12:30:14 INF] Sending AuthOk + ReadyForQuery...
[12:30:14 DBG] Отправлены AuthOk + ParameterStatus + ReadyForQuery клиенту
[12:30:14 DBG] [Session 55ada1b6-d59d-455d-8867-4c7e2782f655] Backend acquired: 4da2e5fd-e780-464e-9c58-63d2a4476e87 in 0ms
[12:30:14 INF] AuthOk sent. Starting TransactionPoolingSession...
[12:30:14 DBG] [Session af4f5ec8-7d21-4ffe-b2b9-d800598dbc5a] Client->Backend: Type=''P'', State=Idle, Size=20
[12:30:14 DBG] Отправлены AuthOk + ParameterStatus + ReadyForQuery клиенту
[12:30:14 DBG] [Session 55ada1b6-d59d-455d-8867-4c7e2782f655] Client->Backend: Type=''B'', State=ParseReceived, Size=15
[12:30:14 INF] [Session d01b7aac-6015-4315-9272-3b3290bffcf0] Starting EnhancedTransactionPoolingSessionV2 (Event-driven)
[12:30:14 DBG] [Session af4f5ec8-7d21-4ffe-b2b9-d800598dbc5a] Backend acquired: 60ddacc9-987a-408a-bfb4-2e0507ad6348 in 0ms
[12:30:14 INF] AuthOk sent. Starting TransactionPoolingSession...
[12:30:14 DBG] [Session d01b7aac-6015-4315-9272-3b3290bffcf0] Client->Backend: Type=''P'', State=Idle, Size=20
[12:30:14 DBG] [Session 55ada1b6-d59d-455d-8867-4c7e2782f655] Client->Backend: Type=''D'', State=BindReceived, Size=7
[12:30:14 DBG] [Session af4f5ec8-7d21-4ffe-b2b9-d800598dbc5a] Client->Backend: Type=''B'', State=ParseReceived, Size=15
[12:30:14 INF] [Session 002c2937-7aa3-4cfc-bb24-bf1ad176f9d7] Starting EnhancedTransactionPoolingSessionV2 (Event-driven)
[12:30:14 DBG] [Session d01b7aac-6015-4315-9272-3b3290bffcf0] Backend acquired: c18095e9-2004-4fb1-9b7e-1190d95872ab in 0ms
[12:30:14 DBG] [Session af4f5ec8-7d21-4ffe-b2b9-d800598dbc5a] Client->Backend: Type=''D'', State=BindReceived, Size=7
[12:30:14 DBG] [Session af4f5ec8-7d21-4ffe-b2b9-d800598dbc5a] Client->Backend: Type=''E'', State=BindReceived, Size=10
[12:30:14 DBG] [Session 002c2937-7aa3-4cfc-bb24-bf1ad176f9d7] Client->Backend: Type=''P'', State=Idle, Size=20
[12:30:14 DBG] [Session 55ada1b6-d59d-455d-8867-4c7e2782f655] Client->Backend: Type=''E'', State=BindReceived, Size=10
[12:30:14 DBG] [Session af4f5ec8-7d21-4ffe-b2b9-d800598dbc5a] Client->Backend: Type=''S'', State=ExecuteReceived, Size=5
[12:30:14 DBG] [Session d01b7aac-6015-4315-9272-3b3290bffcf0] Client->Backend: Type=''B'', State=ParseReceived, Size=15
[12:30:14 DBG] [Session af4f5ec8-7d21-4ffe-b2b9-d800598dbc5a] Flushing 4 messages to backend
[12:30:14 DBG] [Session 002c2937-7aa3-4cfc-bb24-bf1ad176f9d7] Backend acquired: 06dd5d9f-92f1-4006-8e17-515e032141b0 in 0ms
[12:30:14 DBG] [Session 55ada1b6-d59d-455d-8867-4c7e2782f655] Client->Backend: Type=''S'', State=ExecuteReceived, Size=5
[12:30:14 INF] [Session af4f5ec8-7d21-4ffe-b2b9-d800598dbc5a] ClientWriterLoop starting
[12:30:14 DBG] [Session d01b7aac-6015-4315-9272-3b3290bffcf0] Client->Backend: Type=''D'', State=BindReceived, Size=7
[12:30:14 DBG] [Session 002c2937-7aa3-4cfc-bb24-bf1ad176f9d7] Client->Backend: Type=''B'', State=ParseReceived, Size=15
[12:30:14 DBG] [Session 55ada1b6-d59d-455d-8867-4c7e2782f655] Flushing 4 messages to backend
[12:30:14 DBG] [Session 002c2937-7aa3-4cfc-bb24-bf1ad176f9d7] Client->Backend: Type=''D'', State=BindReceived, Size=7
[12:30:14 INF] [Session 55ada1b6-d59d-455d-8867-4c7e2782f655] ClientWriterLoop starting
[12:30:14 DBG] [Session d01b7aac-6015-4315-9272-3b3290bffcf0] Client->Backend: Type=''E'', State=BindReceived, Size=10
[12:30:14 DBG] [Session 002c2937-7aa3-4cfc-bb24-bf1ad176f9d7] Client->Backend: Type=''E'', State=BindReceived, Size=10
[12:30:14 DBG] [Session d01b7aac-6015-4315-9272-3b3290bffcf0] Client->Backend: Type=''S'', State=ExecuteReceived, Size=5
[12:30:14 DBG] [Session af4f5ec8-7d21-4ffe-b2b9-d800598dbc5a] Backend->Client: Type=''E'', Size=125
[12:30:14 DBG] [Session d01b7aac-6015-4315-9272-3b3290bffcf0] Flushing 4 messages to backend
[12:30:14 DBG] [Session 002c2937-7aa3-4cfc-bb24-bf1ad176f9d7] Client->Backend: Type=''S'', State=ExecuteReceived, Size=5
[12:30:14 DBG] [Session af4f5ec8-7d21-4ffe-b2b9-d800598dbc5a] Backend->Client: Type=''Z'', Size=6
[12:30:14 INF] [Session d01b7aac-6015-4315-9272-3b3290bffcf0] ClientWriterLoop starting
[12:30:14 DBG] [Session af4f5ec8-7d21-4ffe-b2b9-d800598dbc5a] ReadyForQuery: Status=''I''
[12:30:14 DBG] [Session 002c2937-7aa3-4cfc-bb24-bf1ad176f9d7] Flushing 4 messages to backend
[12:30:14 DBG] [Session af4f5ec8-7d21-4ffe-b2b9-d800598dbc5a] Backend released: 60ddacc9-987a-408a-bfb4-2e0507ad6348
[12:30:14 DBG] [Session 55ada1b6-d59d-455d-8867-4c7e2782f655] Backend->Client: Type=''E'', Size=125
[12:30:14 INF] [Session 002c2937-7aa3-4cfc-bb24-bf1ad176f9d7] ClientWriterLoop starting
[12:30:14 DBG] [Session 55ada1b6-d59d-455d-8867-4c7e2782f655] Backend->Client: Type=''Z'', Size=6
[12:30:14 DBG] [Session 55ada1b6-d59d-455d-8867-4c7e2782f655] ReadyForQuery: Status=''I''
[12:30:14 DBG] [Session 55ada1b6-d59d-455d-8867-4c7e2782f655] Backend released: 4da2e5fd-e780-464e-9c58-63d2a4476e87
[12:30:14 DBG] [Session d01b7aac-6015-4315-9272-3b3290bffcf0] Backend->Client: Type=''E'', Size=125
[12:30:14 DBG] [Session 002c2937-7aa3-4cfc-bb24-bf1ad176f9d7] Backend->Client: Type=''E'', Size=125
[12:30:14 DBG] [Session d01b7aac-6015-4315-9272-3b3290bffcf0] Backend->Client: Type=''Z'', Size=6
[12:30:14 DBG] [Session af4f5ec8-7d21-4ffe-b2b9-d800598dbc5a] Client->Backend: Type=''X'', State=Idle, Size=5
[12:30:14 DBG] [Session d01b7aac-6015-4315-9272-3b3290bffcf0] ReadyForQuery: Status=''I''
[12:30:14 DBG] [Session 002c2937-7aa3-4cfc-bb24-bf1ad176f9d7] Backend->Client: Type=''Z'', Size=6
[12:30:14 DBG] [Session af4f5ec8-7d21-4ffe-b2b9-d800598dbc5a] Client sent Terminate
[12:30:14 DBG] [Session d01b7aac-6015-4315-9272-3b3290bffcf0] Backend released: c18095e9-2004-4fb1-9b7e-1190d95872ab
[12:30:14 DBG] [Session 002c2937-7aa3-4cfc-bb24-bf1ad176f9d7] ReadyForQuery: Status=''I''
[12:30:14 DBG] [Session 002c2937-7aa3-4cfc-bb24-bf1ad176f9d7] Backend released: 06dd5d9f-92f1-4006-8e17-515e032141b0
[12:30:14 DBG] [Session 55ada1b6-d59d-455d-8867-4c7e2782f655] Client->Backend: Type=''X'', State=Idle, Size=5
[12:30:14 DBG] [Session 55ada1b6-d59d-455d-8867-4c7e2782f655] Client sent Terminate
[12:30:14 DBG] [Session d01b7aac-6015-4315-9272-3b3290bffcf0] Client->Backend: Type=''X'', State=Idle, Size=5
[12:30:14 DBG] [Session 002c2937-7aa3-4cfc-bb24-bf1ad176f9d7] Client->Backend: Type=''X'', State=Idle, Size=5
[12:30:14 DBG] [Session d01b7aac-6015-4315-9272-3b3290bffcf0] Client sent Terminate
[12:30:14 DBG] [Session 002c2937-7aa3-4cfc-bb24-bf1ad176f9d7] Client sent Terminate
[12:30:14 DBG] [Session 52ed31c2-e122-45aa-b1b7-a1e24bec7e97] Backend->Client: Type=''E'', Size=125
[12:30:14 DBG] [Session 52ed31c2-e122-45aa-b1b7-a1e24bec7e97] Backend->Client: Type=''Z'', Size=6
[12:30:14 DBG] [Session 52ed31c2-e122-45aa-b1b7-a1e24bec7e97] ReadyForQuery: Status=''I''
[12:30:14 DBG] [Session 52ed31c2-e122-45aa-b1b7-a1e24bec7e97] Backend released: 621597d1-ee78-45d0-a43d-4c5ee4fde186
[12:30:14 DBG] [Session 52ed31c2-e122-45aa-b1b7-a1e24bec7e97] Client->Backend: Type=''X'', State=Idle, Size=5
[12:30:14 DBG] [Session 52ed31c2-e122-45aa-b1b7-a1e24bec7e97] Client sent Terminate
[12:30:14 INF] [MONITOR] Threads: W=1/1000/32767, IO=0/1000/1000. RAM: 67MB. Handles: 538
[12:30:15 INF] [MONITOR] Threads: W=4/1000/32767, IO=0/1000/1000. RAM: 67MB. Handles: 539
[12:30:16 INF] [MONITOR] Threads: W=4/1000/32767, IO=0/1000/1000. RAM: 68MB. Handles: 539
[12:30:17 INF] [MONITOR] Threads: W=1/1000/32767, IO=0/1000/1000. RAM: 68MB. Handles: 540
[12:30:18 INF] [MONITOR] Threads: W=4/1000/32767, IO=0/1000/1000. RAM: 68MB. Handles: 540
[12:30:19 INF] [Session 55e590c2-102c-4006-947c-2eb9a9b5df89] Session cleaned up
[12:30:19 INF] [Session 55e590c2-102c-4006-947c-2eb9a9b5df89] Session cleaned up
[12:30:19 INF] [Session af4f5ec8-7d21-4ffe-b2b9-d800598dbc5a] Session cleaned up
[12:30:19 INF] [Session 55ada1b6-d59d-455d-8867-4c7e2782f655] Session cleaned up
[12:30:19 INF] [Session fd8a12a9-56ff-4011-8c3f-dc7848e62843] Session cleaned up
[12:30:19 INF] [Session af4f5ec8-7d21-4ffe-b2b9-d800598dbc5a] Session cleaned up
[12:30:19 INF] [Session 4009de96-166f-474b-a28e-711cc70d853b] Session cleaned up
[12:30:19 INF] [Session 55ada1b6-d59d-455d-8867-4c7e2782f655] Session cleaned up
[12:30:19 INF] [Session 002c2937-7aa3-4cfc-bb24-bf1ad176f9d7] Session cleaned up
[12:30:19 INF] [Session 4009de96-166f-474b-a28e-711cc70d853b] Session cleaned up
[12:30:19 INF] [Session d01b7aac-6015-4315-9272-3b3290bffcf0] Session cleaned up
[12:30:19 INF] [Session b1c3c0a6-da7f-43a7-bd2f-330505ec8034] Session cleaned up
[12:30:19 INF] [Session 002c2937-7aa3-4cfc-bb24-bf1ad176f9d7] Session cleaned up
[12:30:19 INF] [Session db51fa41-4a4e-41db-95e1-d23afb10dacb] Session cleaned up
[12:30:19 INF] [Session d01b7aac-6015-4315-9272-3b3290bffcf0] Session cleaned up
[12:30:19 INF] [Session fd8a12a9-56ff-4011-8c3f-dc7848e62843] Session cleaned up
[12:30:19 INF] [Session db51fa41-4a4e-41db-95e1-d23afb10dacb] Session cleaned up
[12:30:19 INF] [Session b1c3c0a6-da7f-43a7-bd2f-330505ec8034] Session cleaned up
[12:30:19 INF] [Session 52ed31c2-e122-45aa-b1b7-a1e24bec7e97] Session cleaned up
[12:30:19 INF] [Session 52ed31c2-e122-45aa-b1b7-a1e24bec7e97] Session cleaned up
[12:30:19 INF] [MONITOR] Threads: W=3/1000/32767, IO=0/1000/1000. RAM: 68MB. Handles: 531
[12:30:20 INF] [MONITOR] Threads: W=2/1000/32767, IO=0/1000/1000. RAM: 68MB. Handles: 531
[12:30:22 INF] [MONITOR] Threads: W=3/1000/32767, IO=0/1000/1000. RAM: 69MB. Handles: 531
[12:30:23 INF] [MONITOR] Threads: W=3/1000/32767, IO=0/1000/1000. RAM: 69MB. Handles: 531
[12:30:24 INF] [MONITOR] Threads: W=3/1000/32767, IO=0/1000/1000. RAM: 69MB. Handles: 533
[12:30:25 INF] [MONITOR] Threads: W=3/1000/32767, IO=0/1000/1000. RAM: 69MB. Handles: 534
[12:30:26 INF] [MONITOR] Threads: W=4/1000/32767, IO=0/1000/1000. RAM: 68MB. Handles: 534
[12:30:27 INF] [MONITOR] Threads: W=4/1000/32767, IO=0/1000/1000. RAM: 69MB. Handles: 534
[12:30:28 INF] [MONITOR] Threads: W=3/1000/32767, IO=0/1000/1000. RAM: 69MB. Handles: 534
[12:30:29 INF] [MONITOR] Threads: W=1/1000/32767, IO=0/1000/1000. RAM: 69MB. Handles: 535
[12:30:30 INF] [MONITOR] Threads: W=3/1000/32767, IO=0/1000/1000. RAM: 68MB. Handles: 536
[12:30:31 INF] [MONITOR] Threads: W=3/1000/32767, IO=0/1000/1000. RAM: 68MB. Handles: 537
[12:30:32 INF] [MONITOR] Threads: W=3/1000/32767, IO=0/1000/1000. RAM: 68MB. Handles: 538
[12:30:33 INF] [MONITOR] Threads: W=3/1000/32767, IO=0/1000/1000. RAM: 68MB. Handles: 538
[12:30:34 INF] [MONITOR] Threads: W=4/1000/32767, IO=0/1000/1000. RAM: 67MB. Handles: 535
[12:30:35 INF] [MONITOR] Threads: W=1/1000/32767, IO=0/1000/1000. RAM: 67MB. Handles: 536
[12:30:36 INF] [MONITOR] Threads: W=3/1000/32767, IO=0/1000/1000. RAM: 68MB. Handles: 537
[12:30:37 INF] [MONITOR] Threads: W=3/1000/32767, IO=0/1000/1000. RAM: 68MB. Handles: 541
[12:30:38 INF] [MONITOR] Threads: W=3/1000/32767, IO=0/1000/1000. RAM: 68MB. Handles: 541
[12:30:39 INF] [MONITOR] Threads: W=3/1000/32767, IO=0/1000/1000. RAM: 68MB. Handles: 541
[12:30:40 INF] [MONITOR] Threads: W=4/1000/32767, IO=0/1000/1000. RAM: 69MB. Handles: 536
[12:30:41 INF] [MONITOR] Threads: W=3/1000/32767, IO=0/1000/1000. RAM: 69MB. Handles: 536
[12:30:42 INF] [MONITOR] Threads: W=3/1000/32767, IO=0/1000/1000. RAM: 69MB. Handles: 536
[12:30:43 INF] [MONITOR] Threads: W=1/1000/32767, IO=0/1000/1000. RAM: 69MB. Handles: 537
[12:30:44 INF] [MONITOR] Threads: W=3/1000/32767, IO=0/1000/1000. RAM: 69MB. Handles: 537
[12:30:45 INF] [MONITOR] Threads: W=3/1000/32767, IO=0/1000/1000. RAM: 70MB. Handles: 537
[12:30:46 INF] [MONITOR] Threads: W=3/1000/32767, IO=0/1000/1000. RAM: 69MB. Handles: 537
[12:30:47 INF] [MONITOR] Threads: W=4/1000/32767, IO=0/1000/1000. RAM: 70MB. Handles: 537
[12:30:48 INF] [MONITOR] Threads: W=4/1000/32767, IO=0/1000/1000. RAM: 70MB. Handles: 537
[12:30:49 INF] [MONITOR] Threads: W=3/1000/32767, IO=0/1000/1000. RAM: 70MB. Handles: 534
[12:30:50 INF] [MONITOR] Threads: W=4/1000/32767, IO=0/1000/1000. RAM: 69MB. Handles: 534
[12:30:51 INF] [MONITOR] Threads: W=3/1000/32767, IO=0/1000/1000. RAM: 69MB. Handles: 534
[12:30:52 INF] [MONITOR] Threads: W=3/1000/32767, IO=0/1000/1000. RAM: 70MB. Handles: 535
[12:30:53 INF] [MONITOR] Threads: W=5/1000/32767, IO=0/1000/1000. RAM: 70MB. Handles: 535
[12:30:54 INF] [MONITOR] Threads: W=3/1000/32767, IO=0/1000/1000. RAM: 70MB. Handles: 533
[12:30:55 INF] [MONITOR] Threads: W=3/1000/32767, IO=0/1000/1000. RAM: 70MB. Handles: 530
[12:30:56 INF] [MONITOR] Threads: W=2/1000/32767, IO=0/1000/1000. RAM: 70MB. Handles: 530
[12:30:57 INF] [MONITOR] Threads: W=4/1000/32767, IO=0/1000/1000. RAM: 70MB. Handles: 531
[12:30:58 INF] [MONITOR] Threads: W=4/1000/32767, IO=0/1000/1000. RAM: 70MB. Handles: 531
[12:30:59 INF] [MONITOR] Threads: W=3/1000/32767, IO=0/1000/1000. RAM: 70MB. Handles: 532
[12:31:00 INF] [MONITOR] Threads: W=2/1000/32767, IO=0/1000/1000. RAM: 71MB. Handles: 535
[12:31:01 INF] [MONITOR] Threads: W=3/1000/32767, IO=0/1000/1000. RAM: 71MB. Handles: 535
[12:31:02 INF] [MONITOR] Threads: W=3/1000/32767, IO=0/1000/1000. RAM: 71MB. Handles: 535
[12:31:03 INF] [MONITOR] Threads: W=3/1000/32767, IO=0/1000/1000. RAM: 71MB. Handles: 535
[12:31:04 INF] [MONITOR] Threads: W=4/1000/32767, IO=0/1000/1000. RAM: 71MB. Handles: 533
[12:31:05 INF] [MONITOR] Threads: W=3/1000/32767, IO=0/1000/1000. RAM: 71MB. Handles: 534
[12:31:06 INF] [MONITOR] Threads: W=1/1000/32767, IO=0/1000/1000. RAM: 72MB. Handles: 535
[12:31:07 INF] [MONITOR] Threads: W=3/1000/32767, IO=0/1000/1000. RAM: 72MB. Handles: 538
[12:31:08 INF] [MONITOR] Threads: W=3/1000/32767, IO=0/1000/1000. RAM: 72MB. Handles: 539
[12:31:09 INF] [MONITOR] Threads: W=3/1000/32767, IO=0/1000/1000. RAM: 72MB. Handles: 539
[12:31:10 INF] [MONITOR] Threads: W=4/1000/32767, IO=0/1000/1000. RAM: 72MB. Handles: 542
[12:31:11 INF] [MONITOR] Threads: W=1/1000/32767, IO=0/1000/1000. RAM: 73MB. Handles: 542
[12:31:12 INF] [MONITOR] Threads: W=4/1000/32767, IO=0/1000/1000. RAM: 73MB. Handles: 542
[12:31:13 INF] [MONITOR] Threads: W=3/1000/32767, IO=0/1000/1000. RAM: 73MB. Handles: 542
[12:31:14 INF] [MONITOR] Threads: W=2/1000/32767, IO=0/1000/1000. RAM: 73MB. Handles: 542
[12:31:15 INF] [MONITOR] Threads: W=1/1000/32767, IO=0/1000/1000. RAM: 73MB. Handles: 542
[12:31:16 INF] [MONITOR] Threads: W=1/1000/32767, IO=0/1000/1000. RAM: 73MB. Handles: 542
[12:31:17 INF] [MONITOR] Threads: W=2/1000/32767, IO=0/1000/1000. RAM: 74MB. Handles: 542
[12:31:18 INF] [MONITOR] Threads: W=4/1000/32767, IO=0/1000/1000. RAM: 73MB. Handles: 542
[12:31:19 INF] [MONITOR] Threads: W=3/1000/32767, IO=0/1000/1000. RAM: 73MB. Handles: 542
[12:31:20 INF] [MONITOR] Threads: W=3/1000/32767, IO=0/1000/1000. RAM: 73MB. Handles: 542
[12:31:21 INF] [MONITOR] Threads: W=5/1000/32767, IO=0/1000/1000. RAM: 73MB. Handles: 542
[12:31:22 INF] [MONITOR] Threads: W=4/1000/32767, IO=0/1000/1000. RAM: 73MB. Handles: 539
[12:31:23 INF] [MONITOR] Threads: W=3/1000/32767, IO=0/1000/1000. RAM: 74MB. Handles: 539
[12:31:24 INF] [MONITOR] Threads: W=3/1000/32767, IO=0/1000/1000. RAM: 74MB. Handles: 539
[12:31:25 INF] [MONITOR] Threads: W=4/1000/32767, IO=0/1000/1000. RAM: 74MB. Handles: 539
[12:31:26 INF] [MONITOR] Threads: W=3/1000/32767, IO=0/1000/1000. RAM: 74MB. Handles: 539
[12:31:27 INF] [MONITOR] Threads: W=3/1000/32767, IO=0/1000/1000. RAM: 74MB. Handles: 539
